  Source.cpp
C:\Users\ghlhn\source\repos\Audio-project\Audio-project\Source.cpp(35,22): warning C4566: character represented by universal-character-name '\u1EC3' cannot be represented in the current code page (1252)
C:\Users\ghlhn\source\repos\Audio-project\Audio-project\Source.cpp(35,22): warning C4566: character represented by universal-character-name '\u1EDF' cannot be represented in the current code page (1252)
C:\Users\ghlhn\source\repos\Audio-project\Audio-project\Source.cpp(44,22): warning C4566: character represented by universal-character-name '\u1EA3' cannot be represented in the current code page (1252)
C:\Users\ghlhn\source\repos\Audio-project\Audio-project\Source.cpp(44,22): warning C4566: character represented by universal-character-name '\u1EE3' cannot be represented in the current code page (1252)
C:\Users\ghlhn\source\repos\Audio-project\Audio-project\Source.cpp(44,22): warning C4566: character represented by universal-character-name '\u1EC7' cannot be represented in the current code page (1252)
C:\Users\ghlhn\source\repos\Audio-project\Audio-project\Source.cpp(50,18): warning C4566: character represented by universal-character-name '\u1ED1' cannot be represented in the current code page (1252)
C:\Users\ghlhn\source\repos\Audio-project\Audio-project\Source.cpp(51,18): warning C4566: character represented by universal-character-name '\u1EA7' cannot be represented in the current code page (1252)
C:\Users\ghlhn\source\repos\Audio-project\Audio-project\Source.cpp(51,18): warning C4566: character represented by universal-character-name '\u1ED1' cannot be represented in the current code page (1252)
C:\Users\ghlhn\source\repos\Audio-project\Audio-project\Source.cpp(51,18): warning C4566: character represented by universal-character-name '\u1EAB' cannot be represented in the current code page (1252)
C:\Users\ghlhn\source\repos\Audio-project\Audio-project\Source.cpp(52,18): warning C4566: character represented by universal-character-name '\u1ED1' cannot be represented in the current code page (1252)
C:\Users\ghlhn\source\repos\Audio-project\Audio-project\Source.cpp(53,18): warning C4566: character represented by universal-character-name '\u01B0' cannot be represented in the current code page (1252)
C:\Users\ghlhn\source\repos\Audio-project\Audio-project\Source.cpp(53,18): warning C4566: character represented by universal-character-name '\u1EDB' cannot be represented in the current code page (1252)
C:\Users\ghlhn\source\repos\Audio-project\Audio-project\Source.cpp(53,18): warning C4566: character represented by universal-character-name '\u1EEF' cannot be represented in the current code page (1252)
C:\Users\ghlhn\source\repos\Audio-project\Audio-project\Source.cpp(53,18): warning C4566: character represented by universal-character-name '\u1EC7' cannot be represented in the current code page (1252)
C:\Users\ghlhn\source\repos\Audio-project\Audio-project\Source.cpp(54,18): warning C4566: character represented by universal-character-name '\u0110' cannot be represented in the current code page (1252)
C:\Users\ghlhn\source\repos\Audio-project\Audio-project\Source.cpp(54,18): warning C4566: character represented by universal-character-name '\u1ECB' cannot be represented in the current code page (1252)
C:\Users\ghlhn\source\repos\Audio-project\Audio-project\Source.cpp(54,18): warning C4566: character represented by universal-character-name '\u1EA1' cannot be represented in the current code page (1252)
C:\Users\ghlhn\source\repos\Audio-project\Audio-project\Source.cpp(54,85): warning C4566: character represented by universal-character-name '\u1ED7' cannot be represented in the current code page (1252)
C:\Users\ghlhn\source\repos\Audio-project\Audio-project\Source.cpp(54,85): warning C4566: character represented by universal-character-name '\u1EE3' cannot be represented in the current code page (1252)
C:\Users\ghlhn\source\repos\Audio-project\Audio-project\Source.cpp(66,22): warning C4566: character represented by universal-character-name '\u1EC3' cannot be represented in the current code page (1252)
C:\Users\ghlhn\source\repos\Audio-project\Audio-project\Source.cpp(66,22): warning C4566: character represented by universal-character-name '\u1EA1' cannot be represented in the current code page (1252)
C:\Users\ghlhn\source\repos\Audio-project\Audio-project\Source.cpp(66,22): warning C4566: character represented by universal-character-name '\u1EBF' cannot be represented in the current code page (1252)
C:\Users\ghlhn\source\repos\Audio-project\Audio-project\Source.cpp(66,22): warning C4566: character represented by universal-character-name '\u1EA3' cannot be represented in the current code page (1252)
C:\Users\ghlhn\source\repos\Audio-project\Audio-project\Source.cpp(75,18): warning C4566: character represented by universal-character-name '\u0110' cannot be represented in the current code page (1252)
C:\Users\ghlhn\source\repos\Audio-project\Audio-project\Source.cpp(75,18): warning C4566: character represented by universal-character-name '\u0111' cannot be represented in the current code page (1252)
C:\Users\ghlhn\source\repos\Audio-project\Audio-project\Source.cpp(75,18): warning C4566: character represented by universal-character-name '\u1EA3' cannot be represented in the current code page (1252)
C:\Users\ghlhn\source\repos\Audio-project\Audio-project\Source.cpp(75,18): warning C4566: character represented by universal-character-name '\u01B0' cannot be represented in the current code page (1252)
C:\Users\ghlhn\source\repos\Audio-project\Audio-project\Source.cpp(75,18): warning C4566: character represented by universal-character-name '\u1EE3' cannot be represented in the current code page (1252)
  Audio-project.vcxproj -> C:\Users\ghlhn\source\repos\Audio-project\x64\Debug\Audio-project.exe
